************************************************************************
Not in type system
************************************************************************

************************************************************************
Generation disabled by type system
 - QAbstractAnimation::d_func
 - QAbstractButton::d_func
 - QAbstractGraphicsShapeItem::d_func
 - QAbstractItemDelegate::operator=
 - QAbstractItemModel::d_func
 - QAbstractItemView::d_func
 - QAbstractMessageHandler::d_func
 - QAbstractNetworkCache::d_func
 - QAbstractPrintDialog::d_func
 - QAbstractScrollArea::d_func
 - QAbstractSlider::d_func
 - QAbstractSocket::d_func
 - QAbstractSpinBox::d_func
 - QAbstractState::d_func
 - QAbstractTransition::d_func
 - QAbstractUriResolver::d_func
 - QAbstractXmlNodeModel::copyNodeTo
 - QAbstractXmlNodeModel::isDeepEqual
 - QAbstractXmlNodeModel::iterate
 - QAbstractXmlNodeModel::mapToSequence
 - QAbstractXmlNodeModel::namespaceForPrefix
 - QAbstractXmlNodeModel::sendNamespaces
 - QAbstractXmlNodeModel::sequencedTypedValue
 - QAbstractXmlNodeModel::type
 - QAbstractXmlReceiver::item
 - QAbstractXmlReceiver::sendAsNode
 - QAccessible::installFactory
 - QAccessible::installRootObjectHandler
 - QAccessible::installUpdateHandler
 - QAccessible::removeFactory
 - QAccessibleInterface::backgroundColor
 - QAccessibleInterface::editableTextInterface
 - QAccessibleInterface::foregroundColor
 - QAccessibleInterface::tableInterface
 - QAccessibleInterface::textInterface
 - QAccessibleInterface::valueInterface
 - QAction::d_func
 - QActionGroup::d_func
 - QAnimationGroup::d_func
 - QApplication::compressEvent
 - QApplication::d_func
 - QAuthenticator::detach
 - QBitArray::data_ptr
 - QBitArray::detach
 - QBitArray::isDetached
 - QBitmap::
 - QBoxLayout::d_func
 - QBrush::
 - QBrush::cleanUp
 - QBrush::data_ptr
 - QBrush::detach
 - QBrush::isDetached
 - QBuffer::d_func
 - QButtonGroup::d_func
 - QByteArray::
 - QByteArray::contains
 - QByteArray::data_ptr
 - QByteArray::detach
 - QByteArray::isDetached
 - QCalendarWidget::d_func
 - QCheckBox::d_func
 - QColor::
 - QColorDialog::d_func
 - QColumnView::d_func
 - QComboBox::d_func
 - QCommandLinkButton::d_func
 - QCommonStyle::d_func
 - QCompleter::d_func
 - QCoreApplication::compressEvent
 - QCoreApplication::d_func
 - QCursor::
 - QDataWidgetMapper::d_func
 - QDateTime::detach
 - QDateTimeEdit::d_func
 - QDesktopWidget::d_func
 - QDial::d_func
 - QDialog::d_func
 - QDialogButtonBox::d_func
 - QDir::d_func
 - QDnsLookup::d_func
 - QDockWidget::d_func
 - QDoubleSpinBox::d_func
 - QDoubleValidator::d_func
 - QDrag::d_func
 - QErrorMessage::d_func
 - QEventLoop::d_func
 - QEventTransition::d_func
 - QFile::d_func
 - QFileDevice::d_func
 - QFileDialog::d_func
 - QFileIconProvider::d_func
 - QFileInfo::d_func
 - QFileSystemWatcher::d_func
 - QFinalState::d_func
 - QFocusFrame::d_func
 - QFont::
 - QFont::detach
 - QFontComboBox::d_func
 - QFontDialog::d_func
 - QFormLayout::d_func
 - QFrame::d_func
 - QGLColormap::detach
 - QGLContext::d_func
 - QGLFramebufferObject::d_func
 - QGLFramebufferObjectFormat::detach
 - QGLPixelBuffer::d_func
 - QGLShader::d_func
 - QGLShaderProgram::d_func
 - QGLWidget::d_func
 - QGesture::d_func
 - QGradient::interpolationMode
 - QGradient::setInterpolationMode
 - QGraphicsAnchor::d_func
 - QGraphicsAnchorLayout::d_func
 - QGraphicsBlurEffect::d_func
 - QGraphicsColorizeEffect::d_func
 - QGraphicsDropShadowEffect::d_func
 - QGraphicsEffect::d_func
 - QGraphicsEllipseItem::d_func
 - QGraphicsGridLayout::d_func
 - QGraphicsItem::d_func
 - QGraphicsItemGroup::d_func
 - QGraphicsLayout::d_func
 - QGraphicsLayoutItem::d_func
 - QGraphicsLineItem::d_func
 - QGraphicsLinearLayout::d_func
 - QGraphicsOpacityEffect::d_func
 - QGraphicsPathItem::d_func
 - QGraphicsPixmapItem::d_func
 - QGraphicsPolygonItem::d_func
 - QGraphicsProxyWidget::d_func
 - QGraphicsRectItem::d_func
 - QGraphicsRotation::d_func
 - QGraphicsScale::d_func
 - QGraphicsScene::d_func
 - QGraphicsSceneContextMenuEvent::d_func
 - QGraphicsSceneDragDropEvent::d_func
 - QGraphicsSceneEvent::d_func
 - QGraphicsSceneHelpEvent::d_func
 - QGraphicsSceneHoverEvent::d_func
 - QGraphicsSceneMouseEvent::d_func
 - QGraphicsSceneMoveEvent::d_func
 - QGraphicsSceneResizeEvent::d_func
 - QGraphicsSceneWheelEvent::d_func
 - QGraphicsSimpleTextItem::d_func
 - QGraphicsTransform::d_func
 - QGraphicsView::d_func
 - QGraphicsWidget::d_func
 - QGridLayout::d_func
 - QGroupBox::d_func
 - QGuiApplication::d_func
 - QHeaderView::d_func
 - QHistoryState::d_func
 - QHttpMultiPart::d_func
 - QIODevice::d_func
 - QIcon::
 - QIcon::data_ptr
 - QIcon::detach
 - QIcon::isDetached
 - QImage::
 - QImage::data_ptr
 - QImage::detach
 - QImage::isDetached
 - QImageIOHandler::d_func
 - QInputDialog::d_func
 - QItemDelegate::d_func
 - QItemSelectionModel::d_func
 - QKeyEventTransition::d_func
 - QKeySequence::
 - QKeySequence::data_ptr
 - QKeySequence::isDetached
 - QLCDNumber::d_func
 - QLabel::d_func
 - QLayout::d_func
 - QLineEdit::d_func
 - QList::begin
 - QList::constBegin
 - QList::constEnd
 - QList::detach
 - QList::end
 - QList::erase
 - QList::fromSet
 - QList::insert
 - QList::isDetached
 - QList::node_construct
 - QList::node_copy
 - QList::node_destruct
 - QList::toSet
 - QListView::d_func
 - QListWidget::d_func
 - QLocalServer::d_func
 - QLocalSocket::d_func
 - QMainWindow::d_func
 - QMatrix4x4::
 - QMatrix::
 - QMdiArea::d_func
 - QMdiSubWindow::d_func
 - QMenu::d_func
 - QMenuBar::d_func
 - QMessageBox::d_func
 - QMimeData::d_func
 - QMouseEventTransition::d_func
 - QMovie::d_func
 - QNetworkAccessManager::d_func
 - QNetworkCookieJar::d_func
 - QNetworkDiskCache::d_func
 - QNetworkReply::d_func
 - QObject::connect
 - QObject::connectNotify
 - QObject::d_func
 - QObject::destroyed
 - QObject::disconnect
 - QObject::disconnectNotify
 - QObject::findChild
 - QObject::findChildren
 - QObject::receivers
 - QObject::registerUserData
 - QObject::sender
 - QObject::setUserData
 - QObject::userData
 - QPageSetupDialog::d_func
 - QPaintEngine::d_func
 - QPaintEngine::fix_neg_rect
 - QPainter::d_func
 - QPainterPath::d_func
 - QPainterPath::detach
 - QPainterPathStroker::d_func
 - QPalette::
 - QPalette::detach
 - QPanGesture::d_func
 - QParallelAnimationGroup::d_func
 - QPauseAnimation::d_func
 - QPen::
 - QPen::data_ptr
 - QPen::detach
 - QPen::isDetached
 - QPicture::d_func
 - QPicture::data_ptr
 - QPicture::detach
 - QPicture::isDetached
 - QPictureIO::defineIOHandler
 - QPixmap::
 - QPixmap::data_ptr
 - QPixmap::detach
 - QPixmap::isDetached
 - QPlainTextDocumentLayout::d_func
 - QPlainTextEdit::d_func
 - QPolygon::
 - QPolygon::point
 - QPolygon::putPoints
 - QPolygon::setPoint
 - QPolygon::setPoints
 - QPolygonF::
 - QPrintDialog::d_func
 - QPrintPreviewDialog::d_func
 - QPrintPreviewWidget::d_func
 - QPrinter::d_func
 - QPrinter::printerSelectionOption
 - QPrinter::setPrinterSelectionOption
 - QProcess::d_func
 - QProcess::pid
 - QProgressBar::d_func
 - QProgressDialog::d_func
 - QPropertyAnimation::d_func
 - QPushButton::d_func
 - QQuaternion::
 - QRadioButton::d_func
 - QRegion::
 - QRegion::cleanUp
 - QRegion::detach
 - QRubberBand::d_func
 - QScreen::d_func
 - QScrollArea::d_func
 - QScrollBar::d_func
 - QSequentialAnimationGroup::d_func
 - QSessionManager::d_func
 - QSettings::d_func
 - QSettings::registerFormat
 - QShortcut::d_func
 - QSignalMapper::d_func
 - QSignalTransition::d_func
 - QSimpleXmlNodeModel::d_func
 - QSizeGrip::d_func
 - QSizePolicy::
 - QSlider::d_func
 - QSocketNotifier::d_func
 - QSpinBox::d_func
 - QSplashScreen::d_func
 - QSplitter::d_func
 - QSplitterHandle::d_func
 - QSqlDriver::d_func
 - QSqlField::detach
 - QSqlQueryModel::d_func
 - QSqlRecord::detach
 - QSqlRelationalTableModel::d_func
 - QSqlResult::d_func
 - QSqlTableModel::d_func
 - QSslSocket::d_func
 - QStackedLayout::d_func
 - QStackedWidget::d_func
 - QStandardItem::d_func
 - QStandardItemModel::d_func
 - QState::d_func
 - QStateMachine::d_func
 - QStatusBar::d_func
 - QStyle::d_func
 - QStyledItemDelegate::d_func
 - QSvgGenerator::d_func
 - QSvgRenderer::d_func
 - QSvgWidget::d_func
 - QSwipeGesture::d_func
 - QSyntaxHighlighter::d_func
 - QSystemTrayIcon::d_func
 - QTabBar::d_func
 - QTabWidget::d_func
 - QTableView::d_func
 - QTableWidget::d_func
 - QTcpServer::d_func
 - QTcpSocket::d_func
 - QTemporaryFile::d_func
 - QTextBlockGroup::d_func
 - QTextBrowser::d_func
 - QTextDocument::d_func
 - QTextEdit::d_func
 - QTextFormat::
 - QTextFrame::d_func
 - QTextLength::
 - QTextList::d_func
 - QTextObject::d_func
 - QTextStream::d_func
 - QTextTable::d_func
 - QThreadPool::d_func
 - QTimeLine::d_func
 - QTimer::singleShot
 - QToolBar::d_func
 - QToolBox::d_func
 - QToolButton::d_func
 - QTransform::
 - QTranslator::d_func
 - QTreeView::d_func
 - QTreeWidget::d_func
 - QUdpSocket::d_func
 - QUiLoader::d_func
 - QUndoGroup::d_func
 - QUndoStack::d_func
 - QUndoView::d_func
 - QUrl::data_ptr
 - QUrl::detach
 - QUrl::isDetached
 - QUrlQuery::data_ptr
 - QUrlQuery::isDetached
 - QValidator::d_func
 - QVariantAnimation::d_func
 - QVector2D::
 - QVector3D::
 - QVector4D::
 - QVector::back
 - QVector::begin
 - QVector::constBegin
 - QVector::constEnd
 - QVector::detach
 - QVector::end
 - QVector::erase
 - QVector::front
 - QVector::insert
 - QVector::isDetached
 - QVector::operator+=
 - QWidget::create
 - QWidget::d_func
 - QWidget::find
 - QWidget::internalWinId
 - QWidgetAction::d_func
 - QWindow::accessibleRoot
 - QWindow::d_func
 - QWizard::d_func
 - QWizardPage::d_func
 - QXmlFormatter::d_func
 - QXmlFormatter::item
 - QXmlNodeModelIndex::iterate
 - QXmlNodeModelIndex::sendNamespaces
 - QXmlNodeModelIndex::sequencedTypedValue
 - QXmlNodeModelIndex::type
 - QXmlResultItems::d_func
 - QXmlSerializer::d_func
 - QXmlSerializer::item
 - QXmlSimpleReader::d_func
 - QXmlStreamReader::d_func
 - QXmlStreamWriter::d_func
************************************************************************

************************************************************************
Type redefined to not be a class
************************************************************************

************************************************************************
Unmatched argument type
 - QAbstractAnimation::QAbstractAnimation
 - QAbstractButton::QAbstractButton
 - QAbstractGraphicsShapeItem::QAbstractGraphicsShapeItem
 - QAbstractItemDelegate::QAbstractItemDelegate
 - QAbstractItemModel::QAbstractItemModel
 - QAbstractItemModel::columnsAboutToBeInserted
 - QAbstractItemModel::columnsAboutToBeMoved
 - QAbstractItemModel::columnsAboutToBeRemoved
 - QAbstractItemModel::columnsInserted
 - QAbstractItemModel::columnsMoved
 - QAbstractItemModel::columnsRemoved
 - QAbstractItemModel::modelAboutToBeReset
 - QAbstractItemModel::modelReset
 - QAbstractItemModel::rowsAboutToBeInserted
 - QAbstractItemModel::rowsAboutToBeMoved
 - QAbstractItemModel::rowsAboutToBeRemoved
 - QAbstractItemModel::rowsInserted
 - QAbstractItemModel::rowsMoved
 - QAbstractItemModel::rowsRemoved
 - QAbstractItemView::QAbstractItemView
 - QAbstractListModel::QAbstractListModel
 - QAbstractNetworkCache::QAbstractNetworkCache
 - QAbstractPrintDialog::QAbstractPrintDialog
 - QAbstractScrollArea::QAbstractScrollArea
 - QAbstractSlider::QAbstractSlider
 - QAbstractSocket::QAbstractSocket
 - QAbstractSpinBox::QAbstractSpinBox
 - QAbstractState::QAbstractState
 - QAbstractState::entered
 - QAbstractState::exited
 - QAbstractTableModel::QAbstractTableModel
 - QAbstractTransition::QAbstractTransition
 - QAbstractTransition::triggered
 - QAbstractXmlNodeModel::QAbstractXmlNodeModel
 - QAbstractXmlReceiver::QAbstractXmlReceiver
 - QAccessible::accessibleInterface
 - QAccessible::deleteAccessibleInterface
 - QAction::QAction
 - QAnimationGroup::QAnimationGroup
 - QBuffer::connectNotify
 - QBuffer::disconnectNotify
 - QByteArray::QByteArray
 - QByteArray::reallocData
 - QColumnView::QColumnView
 - QComboBox::QComboBox
 - QCommonStyle::QCommonStyle
 - QCoreApplication::QCoreApplication
 - QCoreApplication::aboutToQuit
 - QCoreApplication::installNativeEventFilter
 - QCoreApplication::removeNativeEventFilter
 - QDataStream::setByteOrder
 - QDesktopServices::storageLocationImpl
 - QDialog::QDialog
 - QDir::QDir
 - QDomAttr::QDomAttr
 - QDomCDATASection::QDomCDATASection
 - QDomCharacterData::QDomCharacterData
 - QDomComment::QDomComment
 - QDomDocument::QDomDocument
 - QDomDocumentFragment::QDomDocumentFragment
 - QDomDocumentType::QDomDocumentType
 - QDomElement::QDomElement
 - QDomEntity::QDomEntity
 - QDomEntityReference::QDomEntityReference
 - QDomImplementation::QDomImplementation
 - QDomNamedNodeMap::QDomNamedNodeMap
 - QDomNode::QDomNode
 - QDomNodeList::QDomNodeList
 - QDomNotation::QDomNotation
 - QDomProcessingInstruction::QDomProcessingInstruction
 - QDomText::QDomText
 - QEventTransition::QEventTransition
 - QFile::QFile
 - QFile::open
 - QFileDevice::QFileDevice
 - QFileDialog::QFileDialog
 - QFileInfo::QFileInfo
 - QFileSystemWatcher::directoryChanged
 - QFileSystemWatcher::fileChanged
 - QFont::QFont
 - QFrame::QFrame
 - QFuture::QFuture
 - QGLColormap::cleanup
 - QGLContext::QGLContext
 - QGLContext::deleteTexture
 - QGLContext::drawTexture
 - QGLContext::fromOpenGLContext
 - QGLFramebufferObject::QGLFramebufferObject
 - QGLFramebufferObject::blitFramebuffer
 - QGLFramebufferObject::drawTexture
 - QGLFramebufferObjectFormat::setInternalTextureFormat
 - QGLFramebufferObjectFormat::setTextureTarget
 - QGLPixelBuffer::bindToDynamicTexture
 - QGLPixelBuffer::deleteTexture
 - QGLPixelBuffer::drawTexture
 - QGLPixelBuffer::updateDynamicTexture
 - QGLShaderProgram::setAttributeArray
 - QGLShaderProgram::setAttributeBuffer
 - QGLShaderProgram::setAttributeValue
 - QGLShaderProgram::setGeometryInputType
 - QGLShaderProgram::setGeometryOutputType
 - QGLShaderProgram::setUniformValue
 - QGLShaderProgram::setUniformValueArray
 - QGLWidget::QGLWidget
 - QGLWidget::deleteTexture
 - QGLWidget::drawTexture
 - QGesture::QGesture
 - QGraphicsEffect::QGraphicsEffect
 - QGraphicsItem::QGraphicsItem
 - QGraphicsLayout::QGraphicsLayout
 - QGraphicsLayoutItem::QGraphicsLayoutItem
 - QGraphicsObject::QGraphicsObject
 - QGraphicsSceneEvent::QGraphicsSceneEvent
 - QGraphicsTransform::QGraphicsTransform
 - QGraphicsView::QGraphicsView
 - QGraphicsWidget::QGraphicsWidget
 - QGuiApplication::QGuiApplication
 - QGuiApplication::compressEvent
 - QHeaderView::QHeaderView
 - QHostAddress::QHostAddress
 - QHostAddress::setAddress
 - QIODevice::QIODevice
 - QImage::QImage
 - QImageIOHandler::QImageIOHandler
 - QItemSelectionModel::QItemSelectionModel
 - QLayout::QLayout
 - QList::dealloc
 - QList::fromStdList
 - QListView::QListView
 - QLocale::QLocale
 - QMatrix4x4::QMatrix4x4
 - QMatrix::QMatrix
 - QMenu::QMenu
 - QNetworkReply::QNetworkReply
 - QNetworkSession::connectNotify
 - QNetworkSession::disconnectNotify
 - QObject::QObject
 - QObject::disconnectImpl
 - QObject::isSignalConnected
 - QObject::objectNameChanged
 - QPaintEngine::QPaintEngine
 - QPainter::drawGlyphRun
 - QPainter::drawPixmapFragments
 - QPainter::drawStaticText
 - QParallelAnimationGroup::QParallelAnimationGroup
 - QPicture::QPicture
 - QPixmap::QPixmap
 - QPlainTextEdit::QPlainTextEdit
 - QPlainTextEdit::print
 - QPrinter::setMargins
 - QPrinter::setPageSize
 - QPrinter::setPaperSize
 - QProcess::readyReadStandardError
 - QProcess::readyReadStandardOutput
 - QProcess::started
 - QProcess::stateChanged
 - QPushButton::QPushButton
 - QRegion::exec
 - QScreen::QScreen
 - QScrollArea::QScrollArea
 - QSequentialAnimationGroup::QSequentialAnimationGroup
 - QSocketNotifier::activated
 - QSqlDriver::QSqlDriver
 - QSqlQueryModel::QSqlQueryModel
 - QSqlResult::QSqlResult
 - QSqlTableModel::QSqlTableModel
 - QSslConfiguration::QSslConfiguration
 - QStandardItem::QStandardItem
 - QStandardItemModel::QStandardItemModel
 - QState::QState
 - QState::finished
 - QState::propertiesAssigned
 - QStateMachine::QStateMachine
 - QStateMachine::started
 - QStateMachine::stopped
 - QStringList::filter
 - QStringList::indexOf
 - QStringList::lastIndexOf
 - QStringList::replaceInStrings
 - QStyle::QStyle
 - QTableView::QTableView
 - QTcpSocket::QTcpSocket
 - QTextBlock::QTextBlock
 - QTextBlockGroup::QTextBlockGroup
 - QTextCursor::QTextCursor
 - QTextDocument::QTextDocument
 - QTextDocument::appendUndoItem
 - QTextDocument::print
 - QTextEdit::QTextEdit
 - QTextEdit::print
 - QTextFragment::QTextFragment
 - QTextFrame::QTextFrame
 - QTextFrame::setLayoutData
 - QTextInlineObject::QTextInlineObject
 - QTextLayout::QTextLayout
 - QTextLayout::setRawFont
 - QTextLine::QTextLine
 - QTextObject::QTextObject
 - QTextStream::QTextStream
 - QTimeLine::finished
 - QTimeLine::frameChanged
 - QTimeLine::stateChanged
 - QTimeLine::valueChanged
 - QTimer::timeout
 - QTouchEvent::TouchPoint::setFlags
 - QTransform::QTransform
 - QTreeView::QTreeView
 - QUrl::toDisplayString
 - QUrl::toEncoded
 - QUrl::toString
 - QUrl::toStringList
 - QUrl::url
 - QValidator::QValidator
 - QVariantAnimation::QVariantAnimation
 - QVariantAnimation::registerInterpolator
 - QVector::freeData
 - QVector::fromStdVector
 - QVector::reallocData
 - QWebElement::QWebElement
 - QWebElement::enclosingElement
 - QWebFrame::QWebFrame
 - QWebHitTestResult::QWebHitTestResult
 - QWebPage::applicationCacheQuotaExceeded
 - QWebSettings::QWebSettings
 - QWidget::QWidget
 - QWidget::setBackingStore
 - QWindow::QWindow
 - QWindow::exposeEvent
 - QWindow::setFormat
 - QXmlItem::QXmlItem
 - QXmlNamePool::QXmlNamePool
 - QXmlNodeModelIndex::QXmlNodeModelIndex
 - QXmlSerializer::QXmlSerializer
************************************************************************

************************************************************************
Unmatched return type
 - QAccessible::registerAccessibleInterface
 - QAccessible::uniqueId
 - QAccessibleInterface::actionInterface
 - QAccessibleInterface::imageInterface
 - QAccessibleInterface::tableCellInterface
 - QBasicMutex::dummyLocked
 - QDataStream::byteOrder
 - QFuture::begin
 - QFuture::constBegin
 - QFuture::constEnd
 - QFuture::end
 - QFutureWatcher::futureInterface
 - QGLContext::bindTexture
 - QGLContext::contextHandle
 - QGLContext::functions
 - QGLContext::getProcAddress
 - QGLFramebufferObject::handle
 - QGLFramebufferObject::texture
 - QGLFramebufferObjectFormat::internalTextureFormat
 - QGLFramebufferObjectFormat::textureTarget
 - QGLPixelBuffer::bindTexture
 - QGLPixelBuffer::generateDynamicTexture
 - QGLShader::shaderId
 - QGLShaderProgram::geometryInputType
 - QGLShaderProgram::geometryOutputType
 - QGLShaderProgram::programId
 - QGLWidget::bindTexture
 - QGraphicsEffect::source
 - QGuiApplication::inputMethod
 - QGuiApplication::platformNativeInterface
 - QGuiApplication::styleHints
 - QList::cbegin
 - QList::cend
 - QList::detach_helper_grow
 - QList::toStdList
 - QMatrix4x4::toGenericMatrix
 - QMenu::platformMenu
 - QMenuBar::platformMenuBar
 - QObject::connectImpl
 - QObject::connect_functor
 - QPixmap::handle
 - QPlainTextDocumentLayout::priv
 - QPrinter::pageSize
 - QPrinter::paperSize
 - QScreen::handle
 - QSurface::format
 - QSurface::surfaceHandle
 - QTextBlock::docHandle
 - QTextDocument::docHandle
 - QTextFragment::glyphRuns
 - QTextFrame::layoutData
 - QTextLayout::engine
 - QTextLayout::glyphRuns
 - QTextLine::glyphRuns
 - QTextObject::docHandle
 - QTouchEvent::TouchPoint::flags
 - QVector::cbegin
 - QVector::cend
 - QVector::toStdVector
 - QWebElement::findAll
 - QWebFrame::findAllElements
 - QWebFrame::handle
 - QWebFrame::securityOrigin
 - QWebPage::handle
 - QWebPage::viewportAttributesForSize
 - QWebSettings::handle
 - QWidget::backingStore
 - QWindow::format
 - QWindow::handle
 - QWindow::requestedFormat
 - QWindow::surfaceHandle
************************************************************************

