************************************************************************
Not in type system
 - DesignerSupport
 - QAbstractConcatenable
 - QAbstractNativeEventFilter
 - QAbstractOpenGLFunctions
 - QAbstractOpenGLFunctionsPrivate
 - QAccelerometer
 - QAccelerometerFilter
 - QAccelerometerReading
 - QAccessibleStateChangeEvent
 - QAccessibleTableModelChangeEvent
 - QAccessibleTextCursorEvent
 - QAccessibleTextInsertEvent
 - QAccessibleTextRemoveEvent
 - QAccessibleTextSelectionEvent
 - QAccessibleTextUpdateEvent
 - QAccessibleValueChangeEvent
 - QAltimeter
 - QAltimeterFilter
 - QAltimeterReading
 - QAmbientLightFilter
 - QAmbientLightReading
 - QAmbientLightSensor
 - QAmbientTemperatureFilter
 - QAmbientTemperatureReading
 - QAmbientTemperatureSensor
 - QAnimationDriver
 - QApplicationStateChangeEvent
 - QArrayData
 - QArrayDataOps
 - QArrayDataPointer
 - QArrayDataPointerRef
 - QArrayOpsSelector
 - QAtomicAdditiveType
 - QAtomicIntegerTraits
 - QAtomicOps
 - QBackingStore
 - QBasicAtomicInteger
 - QByteArrayDataPtr
 - QCompass
 - QCompassFilter
 - QCompassReading
 - QDebugStateSaver
 - QDeferredDeleteEvent
 - QEnterEvent
 - QEventLoopLocker
 - QException
 - QExposeEvent
 - QFactoryInterface
 - QGLBuffer
 - QGLFunctions
 - QGLFunctionsPrivate
 - QGenericAtomicOps
 - QGenericPlugin
 - QGenericPluginFactory
 - QGestureEvent
 - QGestureRecognizer
 - QGlyphRun
 - QGyroscope
 - QGyroscopeFilter
 - QGyroscopeReading
 - QHolsterFilter
 - QHolsterReading
 - QHolsterSensor
 - QIRProximityFilter
 - QIRProximityReading
 - QIRProximitySensor
 - QIconEngine::AvailableSizesArgument
 - QIdentityProxyModel
 - QInputMethod
 - QInputMethodQueryEvent
 - QIntegerForSize>
 - QJSEngine
 - QJSValue
 - QJSValueIterator
 - QJsonArray
 - QJsonDocument
 - QJsonObject
 - QJsonParseError
 - QJsonValue
 - QJsonValueRef
 - QLightFilter
 - QLightReading
 - QLightSensor
 - QLockFile
 - QMagnetometer
 - QMagnetometerFilter
 - QMagnetometerReading
 - QMapDataBase
 - QMapNodeBase
 - QMessageAuthenticationCode
 - QMessageLogContext
 - QMessageLogger
 - QMetaTypeIdQObject
 - QMimeDatabase
 - QMimeType
 - QOffscreenSurface
 - QOpenGLBuffer
 - QOpenGLContext
 - QOpenGLContextGroup
 - QOpenGLDebugLogger
 - QOpenGLDebugMessage
 - QOpenGLFramebufferObject
 - QOpenGLFramebufferObjectFormat
 - QOpenGLFunctions
 - QOpenGLFunctionsPrivate
 - QOpenGLFunctions_1_0_CoreBackend
 - QOpenGLFunctions_1_0_DeprecatedBackend
 - QOpenGLFunctions_1_1_CoreBackend
 - QOpenGLFunctions_1_1_DeprecatedBackend
 - QOpenGLFunctions_1_2_CoreBackend
 - QOpenGLFunctions_1_2_DeprecatedBackend
 - QOpenGLFunctions_1_3_CoreBackend
 - QOpenGLFunctions_1_3_DeprecatedBackend
 - QOpenGLFunctions_1_4_CoreBackend
 - QOpenGLFunctions_1_4_DeprecatedBackend
 - QOpenGLFunctions_1_5_CoreBackend
 - QOpenGLFunctions_2_0_CoreBackend
 - QOpenGLFunctions_2_0_DeprecatedBackend
 - QOpenGLFunctions_2_1_CoreBackend
 - QOpenGLFunctions_3_0_CoreBackend
 - QOpenGLFunctions_3_0_DeprecatedBackend
 - QOpenGLFunctions_3_1_CoreBackend
 - QOpenGLFunctions_3_2_CoreBackend
 - QOpenGLFunctions_3_3_CoreBackend
 - QOpenGLFunctions_4_0_CoreBackend
 - QOpenGLFunctions_4_1_CoreBackend
 - QOpenGLFunctions_4_2_CoreBackend
 - QOpenGLFunctions_4_3_CoreBackend
 - QOpenGLPaintDevice
 - QOpenGLShader
 - QOpenGLShaderProgram
 - QOpenGLTimeMonitor
 - QOpenGLTimerQuery
 - QOpenGLVersionFunctionsBackend
 - QOpenGLVersionProfile
 - QOpenGLVersionStatus
 - QOpenGLVertexArrayObject
 - QOrientationFilter
 - QOrientationReading
 - QOrientationSensor
 - QPagedPaintDevice
 - QPainter::PixmapFragment
 - QPdfWriter
 - QPinchGesture
 - QPressureFilter
 - QPressureReading
 - QPressureSensor
 - QProximityFilter
 - QProximityReading
 - QProximitySensor
 - QProxyStyle
 - QQmlApplicationEngine
 - QQmlComponent
 - QQmlContext
 - QQmlDebuggingEnabler
 - QQmlEngine
 - QQmlError
 - QQmlExpression
 - QQmlExtensionInterface
 - QQmlExtensionPlugin
 - QQmlFile
 - QQmlImageProviderBase
 - QQmlIncubationController
 - QQmlIncubator
 - QQmlInfo
 - QQmlListProperty
 - QQmlListReference
 - QQmlNetworkAccessManagerFactory
 - QQmlParserStatus
 - QQmlProperty
 - QQmlPropertyMap
 - QQmlPropertyValueSource
 - QQmlScriptString
 - QQmlTypeInfo
 - QQmlTypesExtensionInterface
 - QQuickImageProvider
 - QQuickItem
 - QQuickPaintedItem
 - QQuickTextDocument
 - QQuickTextureFactory
 - QQuickTransform
 - QQuickView
 - QQuickWindow
 - QRawFont
 - QRegularExpression
 - QRegularExpressionMatch
 - QRegularExpressionMatchIterator
 - QRegularExpressionValidator
 - QRotationFilter
 - QRotationReading
 - QRotationSensor
 - QSGBasicGeometryNode
 - QSGClipNode
 - QSGDynamicTexture
 - QSGFlatColorMaterial
 - QSGGeometry
 - QSGGeometryNode
 - QSGMaterial
 - QSGMaterialShader
 - QSGMaterialType
 - QSGNode
 - QSGNodeVisitor
 - QSGOpacityNode
 - QSGOpaqueTextureMaterial
 - QSGRootNode
 - QSGSimpleMaterial
 - QSGSimpleMaterialComparableMaterial
 - QSGSimpleMaterialShader
 - QSGSimpleRectNode
 - QSGSimpleTextureNode
 - QSGTexture
 - QSGTextureMaterial
 - QSGTextureProvider
 - QSGTransformNode
 - QSGVertexColorMaterial
 - QSaveFile
 - QScopedValueRollback
 - QScreenOrientationChangeEvent
 - QScriptValue
 - QScrollEvent
 - QScrollPrepareEvent
 - QScroller
 - QScrollerProperties
 - QSensor
 - QSensorBackend
 - QSensorBackendFactory
 - QSensorChangesInterface
 - QSensorFilter
 - QSensorGesture
 - QSensorGestureManager
 - QSensorGesturePluginInterface
 - QSensorGestureRecognizer
 - QSensorManager
 - QSensorPluginInterface
 - QSensorReading
 - QStandardPaths
 - QStaticArrayData
 - QStaticAssertFailure
 - QStaticByteArrayData
 - QStaticPlugin
 - QStaticStringData
 - QStaticText
 - QStringBuilderBase
 - QStringBuilderCommon
 - QStringDataPtr
 - QStyleHints
 - QSurfaceFormat
 - QTapAndHoldGesture
 - QTapFilter
 - QTapGesture
 - QTapReading
 - QTapSensor
 - QTemporaryDir
 - QTiltFilter
 - QTiltReading
 - QTiltSensor
 - QTypeInfoMerger
 - QTypedArrayData
 - QUnhandledException
 - QUrlTwoFlags
 - QVector::AlignmentDummy
 - QWebDatabase
 - QWebElementCollection
 - QWebHapticFeedbackPlayer
 - QWebKitPlatformPlugin
 - QWebNotificationData
 - QWebNotificationPresenter
 - QWebPage::ViewportAttributes
 - QWebSecurityOrigin
 - QWebSelectData
 - QWebSelectMethod
 - QWebSpellChecker
 - QWebTouchModifier
 - qoutputrange
************************************************************************

************************************************************************
Generation disabled by type system
 - QAbstractEventDispatcher
 - QAbstractProxyModel
 - QAbstractTextDocumentLayout
 - QAbstractUndoItem
 - QAccessibleApplication
 - QAccessibleBridgePlugin
 - QAlgorithmsPrivate
 - QAtomicInt
 - QAtomicPointer
 - QBasicAtomicPointer
 - QBitRef
 - QBrushData
 - QByteArrayMatcher::Data
 - QCache
 - QChar
 - QCharRef
 - QColormap
 - QConcatenable
 - QContiguousCache
 - QContiguousCacheData
 - QContiguousCacheTypedData
 - QDebug
 - QDirModel
 - QExplicitlySharedDataPointer
 - QFileSystemModel
 - QFlag
 - QFlags
 - QFontDatabase
 - QForeachContainer
 - QForeachContainerBase
 - QFuture::const_iterator
 - QFutureInterface
 - QFutureInterfaceBase
 - QFutureSynchronizer
 - QFutureWatcherBase
 - QGL
 - QGLColormap::QGLColormapData
 - QGLFormat
 - QGenericMatrix
 - QGraphicsSvgItem
 - QHash
 - QHashData
 - QHashDummyNode
 - QHashDummyValue
 - QHashIterator
 - QHashNode
 - QIconEnginePlugin
 - QIncompatibleFlag
 - QInputMethodEvent
 - QIntegerForSizeof
 - QInternal
 - QItemEditorCreator
 - QLatin1Char
 - QLatin1String
 - QLibrary
 - QLinkedList
 - QLinkedListData
 - QLinkedListIterator
 - QLinkedListNode
 - QList::Node
 - QList::const_iterator
 - QList::iterator
 - QListData
 - QListIterator
 - QMap
 - QMapData
 - QMapIterator
 - QMapNode
 - QMdi
 - QMetaClassInfo
 - QMetaEnum
 - QMetaMethod
 - QMetaProperty
 - QMetaType
 - QMetaTypeId
 - QMetaTypeId2
 - QMultiHash
 - QMultiMap
 - QMutableHashIterator
 - QMutableLinkedListIterator
 - QMutableListIterator
 - QMutableMapIterator
 - QMutableSetIterator
 - QMutableVectorIterator
 - QMutexLocker
 - QNoDebug
 - QObjectCleanupHandler
 - QObjectData
 - QObjectUserData
 - QPainterPath::Element
 - QPatternist::NodeIndexStorage
 - QPluginLoader
 - QPointer
 - QPrinterInfo
 - QReadLocker
 - QRegion::QRegionData
 - QResource
 - QScopedArrayPointer
 - QScopedPointer
 - QScopedPointerArrayDeleter
 - QScopedPointerDeleter
 - QScopedPointerPodDeleter
 - QSet
 - QSetIterator
 - QSharedData
 - QSharedDataPointer
 - QSharedMemory
 - QSharedPointer
 - QSortFilterProxyModel
 - QSqlDriverCreator
 - QSqlDriverPlugin
 - QStack
 - QStandardItemEditorCreator
 - QString
 - QStringBuilder
 - QStringMatcher::Data
 - QStringRef
 - QSysInfo
 - QTextBlock::iterator
 - QTextCodec::ConverterState
 - QTextEdit::ExtraSelection
 - QTextFrame::iterator
 - QTextFrameLayoutData
 - QTextLayout::FormatRange
 - QTextObjectInterface
 - QTextOption
 - QTextStreamManipulator
 - QThreadStorage
 - QThreadStorageData
 - QTreeWidgetItemIterator
 - QTypeInfo
 - QVarLengthArray
 - QVariant
 - QVariantComparisonHelper
 - QVectorIterator
 - QWeakPointer
 - QWebHistory
 - QWebHistoryItem
 - QWidgetData
 - QWidgetItemV2
 - QWriteLocker
 - QXmlAttributes::Attribute
 - QXmlNamespaceSupport
 - QXmlStreamStringRef
 - QtPrivate
 - WebCore
 - qGreater
 - qLess
 - std
************************************************************************

************************************************************************
Type redefined to not be a class
 - QAccessible::State
 - QByteRef
 - QThread
************************************************************************

************************************************************************
Unmatched argument type
************************************************************************

************************************************************************
Unmatched return type
************************************************************************

